<?xml version="1.0" encoding="UTF-8"?>
<!-- Generated by org.testng.reporters.JUnitReportReporter -->
<testsuite skipped="0" hostname="Saiswap" name="Tests.LaunchAppTest" tests="1" failures="0" timestamp="10 Dec 2018 17:38:04 GMT" time="16.986" errors="0">
  <testcase name="main" time="16.986" classname="Tests.LaunchAppTest"/>
</testsuite> <!-- Tests.LaunchAppTest -->
