<?xml version="1.0" encoding="UTF-8"?>
<!-- Generated by org.testng.reporters.JUnitReportReporter -->
<testsuite skipped="0" hostname="Saiswap" name="Tests.AppiumTestTest" tests="1" failures="0" timestamp="10 Dec 2018 17:14:26 GMT" time="15.231" errors="0">
  <testcase name="main" time="15.231" classname="Tests.AppiumTestTest"/>
</testsuite> <!-- Tests.AppiumTestTest -->
