<?xml version="1.0" encoding="UTF-8"?>
<!-- Generated by org.testng.reporters.JUnitReportReporter -->
<testsuite skipped="0" hostname="Saiswap" name="Tests.SkipLogin" tests="1" failures="0" timestamp="13 Dec 2018 17:43:09 GMT" time="32.466" errors="0">
  <testcase name="skipButton" time="32.466" classname="Tests.SkipLogin"/>
</testsuite> <!-- Tests.SkipLogin -->
