<?xml version="1.0" encoding="UTF-8"?>
<!-- Generated by org.testng.reporters.JUnitReportReporter -->
<testsuite hostname="Saiswap" name="Tests.Log4j" tests="1" failures="0" timestamp="27 Jan 2019 12:15:04 GMT" time="50.348" errors="0">
  <testcase name="TestJavaS1" time="50.348" classname="Tests.Log4j"/>
</testsuite> <!-- Tests.Log4j -->
